<?xml version="1.0" encoding="UTF-8"?>
<!-- Generated by org.testng.reporters.JUnitReportReporter -->
<testsuite hostname="MaxWitri" failures="0" tests="1" name="runner.TestRunner" time="100.634" errors="0" timestamp="2022-10-17T18:29:40 WIB" skipped="0">
  <testcase classname="runner.TestRunner" name="runScenario" time="100.634"/>
  <system-out/>
</testsuite> <!-- runner.TestRunner -->
